29-12-2024 17:17:39.465 [main] INFO  c.e.p.PhonebookApplicationTests - Starting PhonebookApplicationTests using Java 17.0.13 on DESKTOP-DVPANPH with PID 9805 (started by parag in /home/parag/springboot-app)
29-12-2024 17:17:39.478 [main] INFO  c.e.p.PhonebookApplicationTests - No active profile set, falling back to default profiles: default
29-12-2024 17:17:40.309 [main] INFO  o.s.d.r.c.RepositoryConfigurationDelegate - Bootstrapping Spring Data JPA repositories in DEFAULT mode.
29-12-2024 17:17:40.395 [main] INFO  o.s.d.r.c.RepositoryConfigurationDelegate - Finished Spring Data repository scanning in 60 ms. Found 1 JPA repository interfaces.
29-12-2024 17:17:43.111 [main] INFO  o.s.o.j.LocalContainerEntityManagerFactoryBean - Initialized JPA EntityManagerFactory for persistence unit 'default'
29-12-2024 17:17:43.581 [main] INFO  c.e.p.c.PhonebookController - Started service
29-12-2024 17:17:44.273 [main] WARN  o.s.b.a.o.j.JpaBaseConfiguration$JpaWebConfiguration - spring.jpa.open-in-view is enabled by default. Therefore, database queries may be performed during view rendering. Explicitly configure spring.jpa.open-in-view to disable this warning
29-12-2024 17:17:44.674 [main] INFO  o.s.s.c.ThreadPoolTaskExecutor - Initializing ExecutorService 'applicationTaskExecutor'
29-12-2024 17:17:45.187 [main] INFO  c.e.p.PhonebookApplicationTests - Started PhonebookApplicationTests in 6.358 seconds (JVM running for 8.015)
29-12-2024 17:17:45.567 [SpringContextShutdownHook] INFO  o.s.s.c.ThreadPoolTaskExecutor - Shutting down ExecutorService 'applicationTaskExecutor'
29-12-2024 17:17:45.573 [SpringContextShutdownHook] INFO  o.s.o.j.LocalContainerEntityManagerFactoryBean - Closing JPA EntityManagerFactory for persistence unit 'default'
29-12-2024 21:48:19.895 [main] INFO  c.e.p.PhonebookApplicationTests - Starting PhonebookApplicationTests using Java 17.0.13 on DESKTOP-DVPANPH with PID 5406 (started by parag in /home/parag/springboot-app)
29-12-2024 21:48:19.934 [main] INFO  c.e.p.PhonebookApplicationTests - No active profile set, falling back to default profiles: default
29-12-2024 21:48:22.655 [main] INFO  o.s.d.r.c.RepositoryConfigurationDelegate - Bootstrapping Spring Data JPA repositories in DEFAULT mode.
29-12-2024 21:48:22.790 [main] INFO  o.s.d.r.c.RepositoryConfigurationDelegate - Finished Spring Data repository scanning in 114 ms. Found 1 JPA repository interfaces.
29-12-2024 21:48:25.886 [main] INFO  o.s.o.j.LocalContainerEntityManagerFactoryBean - Initialized JPA EntityManagerFactory for persistence unit 'default'
29-12-2024 21:48:27.425 [main] INFO  c.e.p.c.PhonebookController - Started service
29-12-2024 21:48:29.932 [main] WARN  o.s.b.a.o.j.JpaBaseConfiguration$JpaWebConfiguration - spring.jpa.open-in-view is enabled by default. Therefore, database queries may be performed during view rendering. Explicitly configure spring.jpa.open-in-view to disable this warning
29-12-2024 21:48:30.569 [main] INFO  o.s.s.c.ThreadPoolTaskExecutor - Initializing ExecutorService 'applicationTaskExecutor'
29-12-2024 21:48:31.235 [main] INFO  o.s.b.a.e.w.EndpointLinksResolver - Exposing 2 endpoint(s) beneath base path '/actuator'
29-12-2024 21:48:31.303 [main] INFO  c.e.p.PhonebookApplicationTests - Started PhonebookApplicationTests in 12.194 seconds (JVM running for 14.89)
29-12-2024 21:48:31.737 [SpringContextShutdownHook] INFO  o.s.s.c.ThreadPoolTaskExecutor - Shutting down ExecutorService 'applicationTaskExecutor'
29-12-2024 21:48:31.741 [SpringContextShutdownHook] INFO  o.s.o.j.LocalContainerEntityManagerFactoryBean - Closing JPA EntityManagerFactory for persistence unit 'default'
29-12-2024 22:01:27.308 [main] INFO  c.e.p.PhonebookApplicationTests - Starting PhonebookApplicationTests using Java 17.0.13 on DESKTOP-DVPANPH with PID 9003 (started by parag in /home/parag/springboot-app)
29-12-2024 22:01:27.316 [main] INFO  c.e.p.PhonebookApplicationTests - No active profile set, falling back to default profiles: default
29-12-2024 22:01:28.367 [main] INFO  o.s.d.r.c.RepositoryConfigurationDelegate - Bootstrapping Spring Data JPA repositories in DEFAULT mode.
29-12-2024 22:01:28.509 [main] INFO  o.s.d.r.c.RepositoryConfigurationDelegate - Finished Spring Data repository scanning in 71 ms. Found 1 JPA repository interfaces.
29-12-2024 22:01:31.368 [main] INFO  o.s.o.j.LocalContainerEntityManagerFactoryBean - Initialized JPA EntityManagerFactory for persistence unit 'default'
29-12-2024 22:01:31.730 [main] INFO  c.e.p.c.PhonebookController - Started service
29-12-2024 22:01:32.058 [main] WARN  o.s.b.a.o.j.JpaBaseConfiguration$JpaWebConfiguration - spring.jpa.open-in-view is enabled by default. Therefore, database queries may be performed during view rendering. Explicitly configure spring.jpa.open-in-view to disable this warning
29-12-2024 22:01:32.535 [main] INFO  o.s.s.c.ThreadPoolTaskExecutor - Initializing ExecutorService 'applicationTaskExecutor'
29-12-2024 22:01:33.320 [main] INFO  o.s.b.a.e.w.EndpointLinksResolver - Exposing 2 endpoint(s) beneath base path '/actuator'
29-12-2024 22:01:33.402 [main] INFO  c.e.p.PhonebookApplicationTests - Started PhonebookApplicationTests in 6.47 seconds (JVM running for 7.68)
29-12-2024 22:01:33.762 [SpringContextShutdownHook] INFO  o.s.s.c.ThreadPoolTaskExecutor - Shutting down ExecutorService 'applicationTaskExecutor'
29-12-2024 22:01:33.767 [SpringContextShutdownHook] INFO  o.s.o.j.LocalContainerEntityManagerFactoryBean - Closing JPA EntityManagerFactory for persistence unit 'default'
29-12-2024 22:15:42.115 [main] INFO  c.e.p.PhonebookApplicationTests - Starting PhonebookApplicationTests using Java 17.0.13 on DESKTOP-DVPANPH with PID 12569 (started by parag in /home/parag/springboot-app)
29-12-2024 22:15:42.125 [main] INFO  c.e.p.PhonebookApplicationTests - No active profile set, falling back to default profiles: default
29-12-2024 22:15:43.195 [main] INFO  o.s.d.r.c.RepositoryConfigurationDelegate - Bootstrapping Spring Data JPA repositories in DEFAULT mode.
29-12-2024 22:15:43.257 [main] INFO  o.s.d.r.c.RepositoryConfigurationDelegate - Finished Spring Data repository scanning in 48 ms. Found 1 JPA repository interfaces.
29-12-2024 22:15:45.420 [main] INFO  o.s.o.j.LocalContainerEntityManagerFactoryBean - Initialized JPA EntityManagerFactory for persistence unit 'default'
29-12-2024 22:15:45.961 [main] INFO  c.e.p.c.PhonebookController - Started service
29-12-2024 22:15:46.279 [main] WARN  o.s.b.a.o.j.JpaBaseConfiguration$JpaWebConfiguration - spring.jpa.open-in-view is enabled by default. Therefore, database queries may be performed during view rendering. Explicitly configure spring.jpa.open-in-view to disable this warning
29-12-2024 22:15:46.845 [main] INFO  o.s.s.c.ThreadPoolTaskExecutor - Initializing ExecutorService 'applicationTaskExecutor'
29-12-2024 22:15:47.652 [main] INFO  o.s.b.a.e.w.EndpointLinksResolver - Exposing 2 endpoint(s) beneath base path '/actuator'
29-12-2024 22:15:47.730 [main] INFO  c.e.p.PhonebookApplicationTests - Started PhonebookApplicationTests in 6.115 seconds (JVM running for 7.63)
29-12-2024 22:15:48.099 [SpringContextShutdownHook] INFO  o.s.s.c.ThreadPoolTaskExecutor - Shutting down ExecutorService 'applicationTaskExecutor'
29-12-2024 22:15:48.107 [SpringContextShutdownHook] INFO  o.s.o.j.LocalContainerEntityManagerFactoryBean - Closing JPA EntityManagerFactory for persistence unit 'default'
29-12-2024 22:21:49.526 [main] INFO  c.e.p.PhonebookApplication - Starting PhonebookApplication v0.0.1-SNAPSHOT using Java 17.0.13 on DESKTOP-DVPANPH with PID 14515 (/home/parag/springboot-app/target/phonebook-0.0.1-SNAPSHOT.jar started by parag in /home/parag/springboot-app)
29-12-2024 22:21:49.546 [main] INFO  c.e.p.PhonebookApplication - No active profile set, falling back to default profiles: default
29-12-2024 22:21:54.595 [main] INFO  o.s.d.r.c.RepositoryConfigurationDelegate - Bootstrapping Spring Data JPA repositories in DEFAULT mode.
29-12-2024 22:21:54.742 [main] INFO  o.s.d.r.c.RepositoryConfigurationDelegate - Finished Spring Data repository scanning in 128 ms. Found 1 JPA repository interfaces.
29-12-2024 22:21:56.112 [main] INFO  o.s.b.w.e.t.TomcatWebServer - Tomcat initialized with port(s): 8280 (http)
29-12-2024 22:21:56.313 [main] INFO  o.s.b.w.s.c.ServletWebServerApplicationContext - Root WebApplicationContext: initialization completed in 6644 ms
29-12-2024 22:21:59.351 [main] INFO  o.s.o.j.LocalContainerEntityManagerFactoryBean - Initialized JPA EntityManagerFactory for persistence unit 'default'
29-12-2024 22:21:59.893 [main] INFO  c.e.p.c.PhonebookController - Started service
29-12-2024 22:21:59.965 [main] WARN  o.s.b.a.o.j.JpaBaseConfiguration$JpaWebConfiguration - spring.jpa.open-in-view is enabled by default. Therefore, database queries may be performed during view rendering. Explicitly configure spring.jpa.open-in-view to disable this warning
29-12-2024 22:22:00.189 [main] INFO  o.s.s.c.ThreadPoolTaskExecutor - Initializing ExecutorService 'applicationTaskExecutor'
29-12-2024 22:22:00.768 [main] INFO  o.s.b.a.e.w.EndpointLinksResolver - Exposing 2 endpoint(s) beneath base path '/actuator'
29-12-2024 22:22:00.929 [main] INFO  o.s.b.w.e.t.TomcatWebServer - Tomcat started on port(s): 8280 (http) with context path '/information'
29-12-2024 22:22:00.962 [main] INFO  c.e.p.PhonebookApplication - Started PhonebookApplication in 13.77 seconds (JVM running for 17.901)
29-12-2024 22:22:07.548 [http-nio-8280-exec-2] INFO  c.e.p.c.PhonebookController - Started service
29-12-2024 22:22:07.657 [http-nio-8280-exec-2] ERROR o.a.c.c.C.[.[.[.[dispatcherServlet] - Servlet.service() for servlet [dispatcherServlet] in context with path [/information] threw exception [Request processing failed; nested exception is java.util.NoSuchElementException: No value present] with root cause
java.util.NoSuchElementException: No value present
	at java.base/java.util.Optional.get(Optional.java:143)
	at com.evertcode.phonebook.controller.PhonebookController.getById(PhonebookController.java:102)
	at java.base/jdk.internal.reflect.NativeMethodAccessorImpl.invoke0(Native Method)
	at java.base/jdk.internal.reflect.NativeMethodAccessorImpl.invoke(NativeMethodAccessorImpl.java:77)
	at java.base/jdk.internal.reflect.DelegatingMethodAccessorImpl.invoke(DelegatingMethodAccessorImpl.java:43)
	at java.base/java.lang.reflect.Method.invoke(Method.java:569)
	at org.springframework.web.method.support.InvocableHandlerMethod.doInvoke(InvocableHandlerMethod.java:197)
	at org.springframework.web.method.support.InvocableHandlerMethod.invokeForRequest(InvocableHandlerMethod.java:141)
	at org.springframework.web.servlet.mvc.method.annotation.ServletInvocableHandlerMethod.invokeAndHandle(ServletInvocableHandlerMethod.java:106)
	at org.springframework.web.servlet.mvc.method.annotation.RequestMappingHandlerAdapter.invokeHandlerMethod(RequestMappingHandlerAdapter.java:894)
	at org.springframework.web.servlet.mvc.method.annotation.RequestMappingHandlerAdapter.handleInternal(RequestMappingHandlerAdapter.java:808)
	at org.springframework.web.servlet.mvc.method.AbstractHandlerMethodAdapter.handle(AbstractHandlerMethodAdapter.java:87)
	at org.springframework.web.servlet.DispatcherServlet.doDispatch(DispatcherServlet.java:1060)
	at org.springframework.web.servlet.DispatcherServlet.doService(DispatcherServlet.java:962)
	at org.springframework.web.servlet.FrameworkServlet.processRequest(FrameworkServlet.java:1006)
	at org.springframework.web.servlet.FrameworkServlet.doGet(FrameworkServlet.java:898)
	at javax.servlet.http.HttpServlet.service(HttpServlet.java:626)
	at org.springframework.web.servlet.FrameworkServlet.service(FrameworkServlet.java:883)
	at javax.servlet.http.HttpServlet.service(HttpServlet.java:733)
	at org.apache.catalina.core.ApplicationFilterChain.internalDoFilter(ApplicationFilterChain.java:231)
	at org.apache.catalina.core.ApplicationFilterChain.doFilter(ApplicationFilterChain.java:166)
	at org.apache.tomcat.websocket.server.WsFilter.doFilter(WsFilter.java:53)
	at org.apache.catalina.core.ApplicationFilterChain.internalDoFilter(ApplicationFilterChain.java:193)
	at org.apache.catalina.core.ApplicationFilterChain.doFilter(ApplicationFilterChain.java:166)
	at org.springframework.web.filter.RequestContextFilter.doFilterInternal(RequestContextFilter.java:100)
	at org.springframework.web.filter.OncePerRequestFilter.doFilter(OncePerRequestFilter.java:119)
	at org.apache.catalina.core.ApplicationFilterChain.internalDoFilter(ApplicationFilterChain.java:193)
	at org.apache.catalina.core.ApplicationFilterChain.doFilter(ApplicationFilterChain.java:166)
	at org.springframework.web.filter.FormContentFilter.doFilterInternal(FormContentFilter.java:93)
	at org.springframework.web.filter.OncePerRequestFilter.doFilter(OncePerRequestFilter.java:119)
	at org.apache.catalina.core.ApplicationFilterChain.internalDoFilter(ApplicationFilterChain.java:193)
	at org.apache.catalina.core.ApplicationFilterChain.doFilter(ApplicationFilterChain.java:166)
	at org.springframework.boot.actuate.metrics.web.servlet.WebMvcMetricsFilter.doFilterInternal(WebMvcMetricsFilter.java:93)
	at org.springframework.web.filter.OncePerRequestFilter.doFilter(OncePerRequestFilter.java:119)
	at org.apache.catalina.core.ApplicationFilterChain.internalDoFilter(ApplicationFilterChain.java:193)
	at org.apache.catalina.core.ApplicationFilterChain.doFilter(ApplicationFilterChain.java:166)
	at org.springframework.web.filter.CharacterEncodingFilter.doFilterInternal(CharacterEncodingFilter.java:201)
	at org.springframework.web.filter.OncePerRequestFilter.doFilter(OncePerRequestFilter.java:119)
	at org.apache.catalina.core.ApplicationFilterChain.internalDoFilter(ApplicationFilterChain.java:193)
	at org.apache.catalina.core.ApplicationFilterChain.doFilter(ApplicationFilterChain.java:166)
	at org.apache.catalina.core.StandardWrapperValve.invoke(StandardWrapperValve.java:202)
	at org.apache.catalina.core.StandardContextValve.invoke(StandardContextValve.java:97)
	at org.apache.catalina.authenticator.AuthenticatorBase.invoke(AuthenticatorBase.java:542)
	at org.apache.catalina.core.StandardHostValve.invoke(StandardHostValve.java:143)
	at org.apache.catalina.valves.ErrorReportValve.invoke(ErrorReportValve.java:92)
	at org.apache.catalina.core.StandardEngineValve.invoke(StandardEngineValve.java:78)
	at org.apache.catalina.connector.CoyoteAdapter.service(CoyoteAdapter.java:343)
	at org.apache.coyote.http11.Http11Processor.service(Http11Processor.java:374)
	at org.apache.coyote.AbstractProcessorLight.process(AbstractProcessorLight.java:65)
	at org.apache.coyote.AbstractProtocol$ConnectionHandler.process(AbstractProtocol.java:888)
	at org.apache.tomcat.util.net.NioEndpoint$SocketProcessor.doRun(NioEndpoint.java:1597)
	at org.apache.tomcat.util.net.SocketProcessorBase.run(SocketProcessorBase.java:49)
	at java.base/java.util.concurrent.ThreadPoolExecutor.runWorker(ThreadPoolExecutor.java:1136)
	at java.base/java.util.concurrent.ThreadPoolExecutor$Worker.run(ThreadPoolExecutor.java:635)
	at org.apache.tomcat.util.threads.TaskThread$WrappingRunnable.run(TaskThread.java:61)
	at java.base/java.lang.Thread.run(Thread.java:840)
29-12-2024 22:22:12.623 [http-nio-8280-exec-4] INFO  c.e.p.c.PhonebookController - Started service
29-12-2024 22:32:59.595 [SpringContextShutdownHook] INFO  o.s.s.c.ThreadPoolTaskExecutor - Shutting down ExecutorService 'applicationTaskExecutor'
29-12-2024 22:32:59.606 [SpringContextShutdownHook] INFO  o.s.o.j.LocalContainerEntityManagerFactoryBean - Closing JPA EntityManagerFactory for persistence unit 'default'
